<?xml version="1.0" encoding="UTF-8"?>
<!-- Generated by org.testng.reporters.JUnitReportReporter -->
<testsuite hostname="LAPTOP-J7CF5V3J" failures="0" tests="1" name="automation_dipi.Setup" time="0.005" errors="0" timestamp="2023-01-12T22:42:13 IST" skipped="0">
  <testcase classname="automation_dipi.Setup" name="TestSetup" time="0.005"/>
  <system-out/>
</testsuite> <!-- automation_dipi.Setup -->
